{"/home/ttakahashi/workspace/dev-tools-suite/tools/character-code-converter/utils/char-code-utils.ts": {"path":"/home/ttakahashi/workspace/dev-tools-suite/tools/character-code-converter/utils/char-code-utils.ts","all":false,"statementMap":{"0":{"start":{"line":1,"column":0},"end":{"line":1,"column":32}},"15":{"start":{"line":16,"column":0},"end":{"line":16,"column":58}},"16":{"start":{"line":17,"column":0},"end":{"line":17,"column":33}},"17":{"start":{"line":18,"column":0},"end":{"line":18,"column":50}},"19":{"start":{"line":20,"column":0},"end":{"line":20,"column":10}},"20":{"start":{"line":21,"column":0},"end":{"line":21,"column":14}},"21":{"start":{"line":22,"column":0},"end":{"line":22,"column":94}},"22":{"start":{"line":23,"column":0},"end":{"line":23,"column":49}},"23":{"start":{"line":24,"column":0},"end":{"line":24,"column":65}},"24":{"start":{"line":25,"column":0},"end":{"line":25,"column":69}},"25":{"start":{"line":26,"column":0},"end":{"line":26,"column":31}},"26":{"start":{"line":27,"column":0},"end":{"line":27,"column":62}},"27":{"start":{"line":28,"column":0},"end":{"line":28,"column":17}},"28":{"start":{"line":29,"column":0},"end":{"line":29,"column":46}},"29":{"start":{"line":30,"column":0},"end":{"line":30,"column":3}},"30":{"start":{"line":31,"column":0},"end":{"line":31,"column":1}},"32":{"start":{"line":33,"column":0},"end":{"line":33,"column":65}},"33":{"start":{"line":34,"column":0},"end":{"line":34,"column":10}},"34":{"start":{"line":35,"column":0},"end":{"line":35,"column":53}},"35":{"start":{"line":36,"column":0},"end":{"line":36,"column":41}},"36":{"start":{"line":37,"column":0},"end":{"line":37,"column":22}},"37":{"start":{"line":38,"column":0},"end":{"line":38,"column":16}},"38":{"start":{"line":39,"column":0},"end":{"line":39,"column":20}},"39":{"start":{"line":40,"column":0},"end":{"line":40,"column":39}},"40":{"start":{"line":41,"column":0},"end":{"line":41,"column":91}},"41":{"start":{"line":42,"column":0},"end":{"line":42,"column":8}},"42":{"start":{"line":43,"column":0},"end":{"line":43,"column":16}},"43":{"start":{"line":44,"column":0},"end":{"line":44,"column":3}},"44":{"start":{"line":45,"column":0},"end":{"line":45,"column":1}}},"s":{"0":1,"15":1,"16":6,"17":6,"19":6,"20":6,"21":6,"22":6,"23":6,"24":6,"25":6,"26":6,"27":6,"28":6,"29":6,"30":6,"32":1,"33":5,"34":5,"35":5,"36":5,"37":5,"38":5,"39":22,"40":22,"41":5,"42":5,"43":5,"44":5},"branchMap":{"0":{"type":"branch","line":16,"loc":{"start":{"line":16,"column":7},"end":{"line":31,"column":1}},"locations":[{"start":{"line":16,"column":7},"end":{"line":31,"column":1}}]},"1":{"type":"branch","line":22,"loc":{"start":{"line":22,"column":15},"end":{"line":22,"column":33}},"locations":[{"start":{"line":22,"column":15},"end":{"line":22,"column":33}}]},"2":{"type":"branch","line":22,"loc":{"start":{"line":22,"column":21},"end":{"line":22,"column":94}},"locations":[{"start":{"line":22,"column":21},"end":{"line":22,"column":94}}]},"3":{"type":"branch","line":22,"loc":{"start":{"line":22,"column":42},"end":{"line":22,"column":63}},"locations":[{"start":{"line":22,"column":42},"end":{"line":22,"column":63}}]},"4":{"type":"branch","line":22,"loc":{"start":{"line":22,"column":49},"end":{"line":22,"column":94}},"locations":[{"start":{"line":22,"column":49},"end":{"line":22,"column":94}}]},"5":{"type":"branch","line":22,"loc":{"start":{"line":22,"column":72},"end":{"line":22,"column":89}},"locations":[{"start":{"line":22,"column":72},"end":{"line":22,"column":89}}]},"6":{"type":"branch","line":22,"loc":{"start":{"line":22,"column":79},"end":{"line":22,"column":94}},"locations":[{"start":{"line":22,"column":79},"end":{"line":22,"column":94}}]},"7":{"type":"branch","line":23,"loc":{"start":{"line":23,"column":19},"end":{"line":23,"column":43}},"locations":[{"start":{"line":23,"column":19},"end":{"line":23,"column":43}}]},"8":{"type":"branch","line":23,"loc":{"start":{"line":23,"column":39},"end":{"line":23,"column":49}},"locations":[{"start":{"line":23,"column":39},"end":{"line":23,"column":49}}]},"9":{"type":"branch","line":27,"loc":{"start":{"line":27,"column":11},"end":{"line":27,"column":61}},"locations":[{"start":{"line":27,"column":11},"end":{"line":27,"column":61}}]},"10":{"type":"branch","line":33,"loc":{"start":{"line":33,"column":7},"end":{"line":45,"column":1}},"locations":[{"start":{"line":33,"column":7},"end":{"line":45,"column":1}}]},"11":{"type":"branch","line":39,"loc":{"start":{"line":39,"column":11},"end":{"line":42,"column":7}},"locations":[{"start":{"line":39,"column":11},"end":{"line":42,"column":7}}]},"12":{"type":"branch","line":41,"loc":{"start":{"line":41,"column":22},"end":{"line":41,"column":72}},"locations":[{"start":{"line":41,"column":22},"end":{"line":41,"column":72}}]},"13":{"type":"branch","line":41,"loc":{"start":{"line":41,"column":68},"end":{"line":41,"column":87}},"locations":[{"start":{"line":41,"column":68},"end":{"line":41,"column":87}}]},"14":{"type":"branch","line":41,"loc":{"start":{"line":41,"column":81},"end":{"line":41,"column":91}},"locations":[{"start":{"line":41,"column":81},"end":{"line":41,"column":91}}]}},"b":{"0":[6],"1":[1],"2":[5],"3":[1],"4":[4],"5":[1],"6":[3],"7":[5],"8":[1],"9":[8],"10":[5],"11":[22],"12":[21],"13":[3],"14":[19]},"fnMap":{"0":{"name":"convertChar","decl":{"start":{"line":16,"column":7},"end":{"line":31,"column":1}},"loc":{"start":{"line":16,"column":7},"end":{"line":31,"column":1}},"line":16},"1":{"name":"encodeFullText","decl":{"start":{"line":33,"column":7},"end":{"line":45,"column":1}},"loc":{"start":{"line":33,"column":7},"end":{"line":45,"column":1}},"line":33}},"f":{"0":6,"1":5}}
,"/home/ttakahashi/workspace/dev-tools-suite/tools/ip-calculator/utils/ip-utils.ts": {"path":"/home/ttakahashi/workspace/dev-tools-suite/tools/ip-calculator/utils/ip-utils.ts","all":false,"statementMap":{"0":{"start":{"line":1,"column":0},"end":{"line":1,"column":32}},"15":{"start":{"line":16,"column":0},"end":{"line":16,"column":48}},"16":{"start":{"line":17,"column":0},"end":{"line":17,"column":29}},"17":{"start":{"line":18,"column":0},"end":{"line":18,"column":38}},"19":{"start":{"line":20,"column":0},"end":{"line":20,"column":30}},"20":{"start":{"line":21,"column":0},"end":{"line":21,"column":30}},"21":{"start":{"line":22,"column":0},"end":{"line":22,"column":48}},"22":{"start":{"line":23,"column":0},"end":{"line":23,"column":4}},"23":{"start":{"line":24,"column":0},"end":{"line":24,"column":1}},"25":{"start":{"line":26,"column":0},"end":{"line":26,"column":46}},"26":{"start":{"line":27,"column":0},"end":{"line":27,"column":93}},"27":{"start":{"line":28,"column":0},"end":{"line":28,"column":1}},"29":{"start":{"line":30,"column":0},"end":{"line":30,"column":61}},"30":{"start":{"line":31,"column":0},"end":{"line":31,"column":54}},"31":{"start":{"line":32,"column":0},"end":{"line":32,"column":56}},"32":{"start":{"line":33,"column":0},"end":{"line":33,"column":56}},"33":{"start":{"line":34,"column":0},"end":{"line":34,"column":68}},"34":{"start":{"line":35,"column":0},"end":{"line":35,"column":67}},"35":{"start":{"line":36,"column":0},"end":{"line":36,"column":18}},"36":{"start":{"line":37,"column":0},"end":{"line":37,"column":1}},"38":{"start":{"line":39,"column":0},"end":{"line":39,"column":48}},"39":{"start":{"line":40,"column":0},"end":{"line":40,"column":11}},"40":{"start":{"line":41,"column":0},"end":{"line":41,"column":15}},"41":{"start":{"line":42,"column":0},"end":{"line":42,"column":63}},"42":{"start":{"line":43,"column":0},"end":{"line":43,"column":14}},"43":{"start":{"line":44,"column":0},"end":{"line":44,"column":1}},"45":{"start":{"line":46,"column":0},"end":{"line":46,"column":59}},"46":{"start":{"line":47,"column":0},"end":{"line":47,"column":39}},"47":{"start":{"line":48,"column":0},"end":{"line":48,"column":27}},"48":{"start":{"line":49,"column":0},"end":{"line":49,"column":86}},"49":{"start":{"line":50,"column":0},"end":{"line":50,"column":3}},"51":{"start":{"line":52,"column":0},"end":{"line":52,"column":28}},"52":{"start":{"line":53,"column":0},"end":{"line":53,"column":33}},"54":{"start":{"line":55,"column":0},"end":{"line":55,"column":30}},"55":{"start":{"line":56,"column":0},"end":{"line":56,"column":48}},"56":{"start":{"line":57,"column":0},"end":{"line":57,"column":3}},"58":{"start":{"line":59,"column":0},"end":{"line":59,"column":30}},"59":{"start":{"line":60,"column":0},"end":{"line":60,"column":52}},"60":{"start":{"line":61,"column":0},"end":{"line":61,"column":3}},"62":{"start":{"line":63,"column":0},"end":{"line":63,"column":66}},"63":{"start":{"line":64,"column":0},"end":{"line":64,"column":88}},"65":{"start":{"line":66,"column":0},"end":{"line":66,"column":57}},"66":{"start":{"line":67,"column":0},"end":{"line":67,"column":50}},"68":{"start":{"line":69,"column":0},"end":{"line":69,"column":22}},"69":{"start":{"line":70,"column":0},"end":{"line":70,"column":15}},"70":{"start":{"line":71,"column":0},"end":{"line":71,"column":18}},"71":{"start":{"line":72,"column":0},"end":{"line":72,"column":18}},"72":{"start":{"line":73,"column":0},"end":{"line":73,"column":26}},"73":{"start":{"line":74,"column":0},"end":{"line":74,"column":52}},"75":{"start":{"line":76,"column":0},"end":{"line":76,"column":37}},"76":{"start":{"line":77,"column":0},"end":{"line":77,"column":57}},"78":{"start":{"line":79,"column":0},"end":{"line":79,"column":10}},"79":{"start":{"line":80,"column":0},"end":{"line":80,"column":14}},"80":{"start":{"line":81,"column":0},"end":{"line":81,"column":39}},"81":{"start":{"line":82,"column":0},"end":{"line":82,"column":9}},"82":{"start":{"line":83,"column":0},"end":{"line":83,"column":40}},"83":{"start":{"line":84,"column":0},"end":{"line":84,"column":44}},"84":{"start":{"line":85,"column":0},"end":{"line":85,"column":39}},"85":{"start":{"line":86,"column":0},"end":{"line":86,"column":40}},"86":{"start":{"line":87,"column":0},"end":{"line":87,"column":15}},"87":{"start":{"line":88,"column":0},"end":{"line":88,"column":16}},"88":{"start":{"line":89,"column":0},"end":{"line":89,"column":46}},"89":{"start":{"line":90,"column":0},"end":{"line":90,"column":36}},"90":{"start":{"line":91,"column":0},"end":{"line":91,"column":57}},"91":{"start":{"line":92,"column":0},"end":{"line":92,"column":3}},"92":{"start":{"line":93,"column":0},"end":{"line":93,"column":1}}},"s":{"0":1,"15":1,"16":14,"17":14,"19":11,"20":35,"21":35,"22":11,"23":11,"25":1,"26":21,"27":21,"29":1,"30":9,"31":9,"32":9,"33":9,"34":9,"35":1,"36":1,"38":1,"39":9,"40":9,"41":9,"42":9,"43":9,"45":1,"46":6,"47":6,"48":1,"49":1,"51":5,"52":5,"54":6,"55":1,"56":1,"58":6,"59":1,"60":1,"62":3,"63":3,"65":3,"66":3,"68":3,"69":3,"70":1,"71":2,"72":0,"73":2,"75":6,"76":6,"78":6,"79":6,"80":6,"81":6,"82":6,"83":6,"84":6,"85":6,"86":6,"87":6,"88":6,"89":6,"90":6,"91":6,"92":6},"branchMap":{"0":{"type":"branch","line":16,"loc":{"start":{"line":16,"column":7},"end":{"line":24,"column":1}},"locations":[{"start":{"line":16,"column":7},"end":{"line":24,"column":1}}]},"1":{"type":"branch","line":18,"loc":{"start":{"line":18,"column":26},"end":{"line":18,"column":38}},"locations":[{"start":{"line":18,"column":26},"end":{"line":18,"column":38}}]},"2":{"type":"branch","line":18,"loc":{"start":{"line":18,"column":33},"end":{"line":24,"column":1}},"locations":[{"start":{"line":18,"column":33},"end":{"line":24,"column":1}}]},"3":{"type":"branch","line":20,"loc":{"start":{"line":20,"column":21},"end":{"line":23,"column":3}},"locations":[{"start":{"line":20,"column":21},"end":{"line":23,"column":3}}]},"4":{"type":"branch","line":22,"loc":{"start":{"line":22,"column":21},"end":{"line":22,"column":38}},"locations":[{"start":{"line":22,"column":21},"end":{"line":22,"column":38}}]},"5":{"type":"branch","line":22,"loc":{"start":{"line":22,"column":33},"end":{"line":22,"column":48}},"locations":[{"start":{"line":22,"column":33},"end":{"line":22,"column":48}}]},"6":{"type":"branch","line":26,"loc":{"start":{"line":26,"column":7},"end":{"line":28,"column":1}},"locations":[{"start":{"line":26,"column":7},"end":{"line":28,"column":1}}]},"7":{"type":"branch","line":30,"loc":{"start":{"line":30,"column":7},"end":{"line":37,"column":1}},"locations":[{"start":{"line":30,"column":7},"end":{"line":37,"column":1}}]},"8":{"type":"branch","line":31,"loc":{"start":{"line":31,"column":44},"end":{"line":31,"column":54}},"locations":[{"start":{"line":31,"column":44},"end":{"line":31,"column":54}}]},"9":{"type":"branch","line":31,"loc":{"start":{"line":31,"column":51},"end":{"line":32,"column":27}},"locations":[{"start":{"line":31,"column":51},"end":{"line":32,"column":27}}]},"10":{"type":"branch","line":32,"loc":{"start":{"line":32,"column":20},"end":{"line":32,"column":46}},"locations":[{"start":{"line":32,"column":20},"end":{"line":32,"column":46}}]},"11":{"type":"branch","line":32,"loc":{"start":{"line":32,"column":46},"end":{"line":32,"column":56}},"locations":[{"start":{"line":32,"column":46},"end":{"line":32,"column":56}}]},"12":{"type":"branch","line":32,"loc":{"start":{"line":32,"column":53},"end":{"line":33,"column":27}},"locations":[{"start":{"line":32,"column":53},"end":{"line":33,"column":27}}]},"13":{"type":"branch","line":33,"loc":{"start":{"line":33,"column":20},"end":{"line":33,"column":46}},"locations":[{"start":{"line":33,"column":20},"end":{"line":33,"column":46}}]},"14":{"type":"branch","line":33,"loc":{"start":{"line":33,"column":46},"end":{"line":34,"column":27}},"locations":[{"start":{"line":33,"column":46},"end":{"line":34,"column":27}}]},"15":{"type":"branch","line":34,"loc":{"start":{"line":34,"column":20},"end":{"line":34,"column":46}},"locations":[{"start":{"line":34,"column":20},"end":{"line":34,"column":46}}]},"16":{"type":"branch","line":34,"loc":{"start":{"line":34,"column":46},"end":{"line":34,"column":68}},"locations":[{"start":{"line":34,"column":46},"end":{"line":34,"column":68}}]},"17":{"type":"branch","line":34,"loc":{"start":{"line":34,"column":53},"end":{"line":35,"column":27}},"locations":[{"start":{"line":34,"column":53},"end":{"line":35,"column":27}}]},"18":{"type":"branch","line":35,"loc":{"start":{"line":35,"column":20},"end":{"line":35,"column":46}},"locations":[{"start":{"line":35,"column":20},"end":{"line":35,"column":46}}]},"19":{"type":"branch","line":35,"loc":{"start":{"line":35,"column":46},"end":{"line":37,"column":1}},"locations":[{"start":{"line":35,"column":46},"end":{"line":37,"column":1}}]},"20":{"type":"branch","line":39,"loc":{"start":{"line":39,"column":7},"end":{"line":44,"column":1}},"locations":[{"start":{"line":39,"column":7},"end":{"line":44,"column":1}}]},"21":{"type":"branch","line":42,"loc":{"start":{"line":42,"column":9},"end":{"line":42,"column":62}},"locations":[{"start":{"line":42,"column":9},"end":{"line":42,"column":62}}]},"22":{"type":"branch","line":46,"loc":{"start":{"line":46,"column":7},"end":{"line":93,"column":1}},"locations":[{"start":{"line":46,"column":7},"end":{"line":93,"column":1}}]},"23":{"type":"branch","line":48,"loc":{"start":{"line":48,"column":26},"end":{"line":50,"column":3}},"locations":[{"start":{"line":48,"column":26},"end":{"line":50,"column":3}}]},"24":{"type":"branch","line":50,"loc":{"start":{"line":50,"column":2},"end":{"line":55,"column":29}},"locations":[{"start":{"line":50,"column":2},"end":{"line":55,"column":29}}]},"25":{"type":"branch","line":55,"loc":{"start":{"line":55,"column":29},"end":{"line":57,"column":3}},"locations":[{"start":{"line":55,"column":29},"end":{"line":57,"column":3}}]},"26":{"type":"branch","line":57,"loc":{"start":{"line":57,"column":2},"end":{"line":59,"column":29}},"locations":[{"start":{"line":57,"column":2},"end":{"line":59,"column":29}}]},"27":{"type":"branch","line":59,"loc":{"start":{"line":59,"column":29},"end":{"line":61,"column":3}},"locations":[{"start":{"line":59,"column":29},"end":{"line":61,"column":3}}]},"28":{"type":"branch","line":61,"loc":{"start":{"line":61,"column":2},"end":{"line":70,"column":15}},"locations":[{"start":{"line":61,"column":2},"end":{"line":70,"column":15}}]},"29":{"type":"branch","line":70,"loc":{"start":{"line":70,"column":13},"end":{"line":71,"column":18}},"locations":[{"start":{"line":70,"column":13},"end":{"line":71,"column":18}}]},"30":{"type":"branch","line":71,"loc":{"start":{"line":71,"column":8},"end":{"line":74,"column":52}},"locations":[{"start":{"line":71,"column":8},"end":{"line":74,"column":52}}]},"31":{"type":"branch","line":72,"loc":{"start":{"line":72,"column":17},"end":{"line":73,"column":26}},"locations":[{"start":{"line":72,"column":17},"end":{"line":73,"column":26}}]},"32":{"type":"branch","line":77,"loc":{"start":{"line":77,"column":35},"end":{"line":77,"column":56}},"locations":[{"start":{"line":77,"column":35},"end":{"line":77,"column":56}}]},"33":{"type":"branch","line":77,"loc":{"start":{"line":77,"column":52},"end":{"line":77,"column":57}},"locations":[{"start":{"line":77,"column":52},"end":{"line":77,"column":57}}]},"34":{"type":"branch","line":63,"loc":{"start":{"line":63,"column":43},"end":{"line":63,"column":65}},"locations":[{"start":{"line":63,"column":43},"end":{"line":63,"column":65}}]}},"b":{"0":[14],"1":[3],"2":[11],"3":[35],"4":[34],"5":[34],"6":[21],"7":[9],"8":[2],"9":[7],"10":[6],"11":[1],"12":[6],"13":[5],"14":[3],"15":[2],"16":[1],"17":[2],"18":[1],"19":[1],"20":[9],"21":[36],"22":[6],"23":[1],"24":[5],"25":[1],"26":[4],"27":[1],"28":[3],"29":[1],"30":[2],"31":[0],"32":[2],"33":[1],"34":[12]},"fnMap":{"0":{"name":"isValidIP","decl":{"start":{"line":16,"column":7},"end":{"line":24,"column":1}},"loc":{"start":{"line":16,"column":7},"end":{"line":24,"column":1}},"line":16},"1":{"name":"intToIP","decl":{"start":{"line":26,"column":7},"end":{"line":28,"column":1}},"loc":{"start":{"line":26,"column":7},"end":{"line":28,"column":1}},"line":26},"2":{"name":"getNetworkClass","decl":{"start":{"line":30,"column":7},"end":{"line":37,"column":1}},"loc":{"start":{"line":30,"column":7},"end":{"line":37,"column":1}},"line":30},"3":{"name":"ipToBinary","decl":{"start":{"line":39,"column":7},"end":{"line":44,"column":1}},"loc":{"start":{"line":39,"column":7},"end":{"line":44,"column":1}},"line":39},"4":{"name":"calculateIP","decl":{"start":{"line":46,"column":7},"end":{"line":93,"column":1}},"loc":{"start":{"line":46,"column":7},"end":{"line":93,"column":1}},"line":46}},"f":{"0":14,"1":21,"2":9,"3":9,"4":6}}
,"/home/ttakahashi/workspace/dev-tools-suite/tools/json-yaml-converter/utils/json-yaml-utils.ts": {"path":"/home/ttakahashi/workspace/dev-tools-suite/tools/json-yaml-converter/utils/json-yaml-utils.ts","all":false,"statementMap":{"0":{"start":{"line":1,"column":0},"end":{"line":1,"column":26}},"10":{"start":{"line":11,"column":0},"end":{"line":11,"column":86}},"11":{"start":{"line":12,"column":0},"end":{"line":12,"column":34}},"12":{"start":{"line":13,"column":0},"end":{"line":13,"column":27}},"14":{"start":{"line":15,"column":0},"end":{"line":15,"column":24}},"15":{"start":{"line":16,"column":0},"end":{"line":16,"column":16}},"16":{"start":{"line":17,"column":0},"end":{"line":17,"column":32}},"17":{"start":{"line":18,"column":0},"end":{"line":18,"column":16}},"18":{"start":{"line":19,"column":0},"end":{"line":19,"column":31}},"19":{"start":{"line":20,"column":0},"end":{"line":20,"column":16}},"20":{"start":{"line":21,"column":0},"end":{"line":21,"column":32}},"21":{"start":{"line":22,"column":0},"end":{"line":22,"column":12}},"22":{"start":{"line":23,"column":0},"end":{"line":23,"column":49}},"23":{"start":{"line":24,"column":0},"end":{"line":24,"column":3}},"24":{"start":{"line":25,"column":0},"end":{"line":25,"column":1}},"26":{"start":{"line":27,"column":0},"end":{"line":27,"column":29}},"27":{"start":{"line":28,"column":0},"end":{"line":28,"column":16}},"28":{"start":{"line":29,"column":0},"end":{"line":29,"column":32}},"29":{"start":{"line":30,"column":0},"end":{"line":30,"column":24}},"30":{"start":{"line":31,"column":0},"end":{"line":31,"column":11}},"31":{"start":{"line":32,"column":0},"end":{"line":32,"column":25}},"32":{"start":{"line":33,"column":0},"end":{"line":33,"column":18}},"33":{"start":{"line":34,"column":0},"end":{"line":34,"column":92}},"34":{"start":{"line":35,"column":0},"end":{"line":35,"column":98}},"35":{"start":{"line":36,"column":0},"end":{"line":36,"column":5}},"36":{"start":{"line":37,"column":0},"end":{"line":37,"column":16}},"37":{"start":{"line":38,"column":0},"end":{"line":38,"column":30}},"38":{"start":{"line":39,"column":0},"end":{"line":39,"column":18}},"39":{"start":{"line":40,"column":0},"end":{"line":40,"column":22}},"40":{"start":{"line":41,"column":0},"end":{"line":41,"column":21}},"41":{"start":{"line":42,"column":0},"end":{"line":42,"column":24}},"42":{"start":{"line":43,"column":0},"end":{"line":43,"column":8}},"43":{"start":{"line":44,"column":0},"end":{"line":44,"column":16}},"44":{"start":{"line":45,"column":0},"end":{"line":45,"column":59}},"45":{"start":{"line":46,"column":0},"end":{"line":46,"column":12}},"46":{"start":{"line":47,"column":0},"end":{"line":47,"column":50}},"47":{"start":{"line":48,"column":0},"end":{"line":48,"column":3}},"48":{"start":{"line":49,"column":0},"end":{"line":49,"column":1}},"50":{"start":{"line":51,"column":0},"end":{"line":51,"column":82}},"51":{"start":{"line":52,"column":0},"end":{"line":52,"column":17}},"52":{"start":{"line":53,"column":0},"end":{"line":53,"column":44}},"54":{"start":{"line":55,"column":0},"end":{"line":55,"column":51}},"55":{"start":{"line":56,"column":0},"end":{"line":56,"column":55}},"57":{"start":{"line":58,"column":0},"end":{"line":58,"column":61}},"58":{"start":{"line":59,"column":0},"end":{"line":59,"column":25}},"59":{"start":{"line":60,"column":0},"end":{"line":60,"column":12}},"60":{"start":{"line":61,"column":0},"end":{"line":61,"column":33}},"61":{"start":{"line":62,"column":0},"end":{"line":62,"column":55}},"62":{"start":{"line":63,"column":0},"end":{"line":63,"column":45}},"63":{"start":{"line":64,"column":0},"end":{"line":64,"column":41}},"64":{"start":{"line":65,"column":0},"end":{"line":65,"column":14}},"65":{"start":{"line":66,"column":0},"end":{"line":66,"column":39}},"66":{"start":{"line":67,"column":0},"end":{"line":67,"column":7}},"67":{"start":{"line":68,"column":0},"end":{"line":68,"column":5}},"68":{"start":{"line":69,"column":0},"end":{"line":69,"column":3}},"70":{"start":{"line":71,"column":0},"end":{"line":71,"column":54}},"71":{"start":{"line":72,"column":0},"end":{"line":72,"column":53}},"72":{"start":{"line":73,"column":0},"end":{"line":73,"column":32}},"73":{"start":{"line":74,"column":0},"end":{"line":74,"column":70}},"74":{"start":{"line":75,"column":0},"end":{"line":75,"column":3}},"76":{"start":{"line":77,"column":0},"end":{"line":77,"column":15}},"77":{"start":{"line":78,"column":0},"end":{"line":78,"column":1}}},"s":{"0":1,"10":1,"11":9,"12":9,"14":7,"15":9,"16":3,"17":9,"18":3,"19":9,"20":1,"21":9,"22":0,"23":9,"24":9,"26":1,"27":7,"28":7,"29":7,"30":7,"31":7,"32":7,"33":4,"34":4,"35":4,"36":7,"37":2,"38":2,"39":2,"40":2,"41":2,"42":2,"43":7,"44":1,"45":7,"46":0,"47":7,"48":7,"50":1,"51":6,"52":6,"54":6,"55":13,"57":13,"58":1,"59":13,"60":10,"61":1,"62":10,"63":5,"64":9,"65":4,"66":4,"67":10,"68":13,"70":6,"71":1,"72":1,"73":1,"74":1,"76":6,"77":6},"branchMap":{"0":{"type":"branch","line":11,"loc":{"start":{"line":11,"column":7},"end":{"line":25,"column":1}},"locations":[{"start":{"line":11,"column":7},"end":{"line":25,"column":1}}]},"1":{"type":"branch","line":13,"loc":{"start":{"line":13,"column":16},"end":{"line":13,"column":27}},"locations":[{"start":{"line":13,"column":16},"end":{"line":13,"column":27}}]},"2":{"type":"branch","line":13,"loc":{"start":{"line":13,"column":23},"end":{"line":15,"column":24}},"locations":[{"start":{"line":13,"column":23},"end":{"line":15,"column":24}}]},"3":{"type":"branch","line":16,"loc":{"start":{"line":16,"column":4},"end":{"line":17,"column":32}},"locations":[{"start":{"line":16,"column":4},"end":{"line":17,"column":32}}]},"4":{"type":"branch","line":18,"loc":{"start":{"line":18,"column":4},"end":{"line":19,"column":31}},"locations":[{"start":{"line":18,"column":4},"end":{"line":19,"column":31}}]},"5":{"type":"branch","line":20,"loc":{"start":{"line":20,"column":4},"end":{"line":21,"column":32}},"locations":[{"start":{"line":20,"column":4},"end":{"line":21,"column":32}}]},"6":{"type":"branch","line":22,"loc":{"start":{"line":22,"column":4},"end":{"line":23,"column":49}},"locations":[{"start":{"line":22,"column":4},"end":{"line":23,"column":49}}]},"7":{"type":"branch","line":27,"loc":{"start":{"line":27,"column":7},"end":{"line":49,"column":1}},"locations":[{"start":{"line":27,"column":7},"end":{"line":49,"column":1}}]},"8":{"type":"branch","line":33,"loc":{"start":{"line":33,"column":4},"end":{"line":36,"column":5}},"locations":[{"start":{"line":33,"column":4},"end":{"line":36,"column":5}}]},"9":{"type":"branch","line":34,"loc":{"start":{"line":34,"column":49},"end":{"line":34,"column":64}},"locations":[{"start":{"line":34,"column":49},"end":{"line":34,"column":64}}]},"10":{"type":"branch","line":34,"loc":{"start":{"line":34,"column":57},"end":{"line":34,"column":92}},"locations":[{"start":{"line":34,"column":57},"end":{"line":34,"column":92}}]},"11":{"type":"branch","line":35,"loc":{"start":{"line":35,"column":21},"end":{"line":35,"column":78}},"locations":[{"start":{"line":35,"column":21},"end":{"line":35,"column":78}}]},"12":{"type":"branch","line":35,"loc":{"start":{"line":35,"column":74},"end":{"line":35,"column":98}},"locations":[{"start":{"line":35,"column":74},"end":{"line":35,"column":98}}]},"13":{"type":"branch","line":37,"loc":{"start":{"line":37,"column":4},"end":{"line":43,"column":8}},"locations":[{"start":{"line":37,"column":4},"end":{"line":43,"column":8}}]},"14":{"type":"branch","line":44,"loc":{"start":{"line":44,"column":4},"end":{"line":45,"column":59}},"locations":[{"start":{"line":44,"column":4},"end":{"line":45,"column":59}}]},"15":{"type":"branch","line":46,"loc":{"start":{"line":46,"column":4},"end":{"line":47,"column":50}},"locations":[{"start":{"line":46,"column":4},"end":{"line":47,"column":50}}]},"16":{"type":"branch","line":51,"loc":{"start":{"line":51,"column":7},"end":{"line":78,"column":1}},"locations":[{"start":{"line":51,"column":7},"end":{"line":78,"column":1}}]},"17":{"type":"branch","line":55,"loc":{"start":{"line":55,"column":50},"end":{"line":69,"column":3}},"locations":[{"start":{"line":55,"column":50},"end":{"line":69,"column":3}}]},"18":{"type":"branch","line":56,"loc":{"start":{"line":56,"column":18},"end":{"line":56,"column":47}},"locations":[{"start":{"line":56,"column":18},"end":{"line":56,"column":47}}]},"19":{"type":"branch","line":56,"loc":{"start":{"line":56,"column":47},"end":{"line":56,"column":55}},"locations":[{"start":{"line":56,"column":47},"end":{"line":56,"column":55}}]},"20":{"type":"branch","line":56,"loc":{"start":{"line":56,"column":47},"end":{"line":58,"column":37}},"locations":[{"start":{"line":56,"column":47},"end":{"line":58,"column":37}}]},"21":{"type":"branch","line":58,"loc":{"start":{"line":58,"column":25},"end":{"line":58,"column":60}},"locations":[{"start":{"line":58,"column":25},"end":{"line":58,"column":60}}]},"22":{"type":"branch","line":58,"loc":{"start":{"line":58,"column":60},"end":{"line":60,"column":11}},"locations":[{"start":{"line":58,"column":60},"end":{"line":60,"column":11}}]},"23":{"type":"branch","line":60,"loc":{"start":{"line":60,"column":4},"end":{"line":68,"column":5}},"locations":[{"start":{"line":60,"column":4},"end":{"line":68,"column":5}}]},"24":{"type":"branch","line":61,"loc":{"start":{"line":61,"column":32},"end":{"line":63,"column":17}},"locations":[{"start":{"line":61,"column":32},"end":{"line":63,"column":17}}]},"25":{"type":"branch","line":63,"loc":{"start":{"line":63,"column":6},"end":{"line":67,"column":7}},"locations":[{"start":{"line":63,"column":6},"end":{"line":67,"column":7}}]},"26":{"type":"branch","line":63,"loc":{"start":{"line":63,"column":44},"end":{"line":65,"column":13}},"locations":[{"start":{"line":63,"column":44},"end":{"line":65,"column":13}}]},"27":{"type":"branch","line":65,"loc":{"start":{"line":65,"column":6},"end":{"line":67,"column":7}},"locations":[{"start":{"line":65,"column":6},"end":{"line":67,"column":7}}]},"28":{"type":"branch","line":71,"loc":{"start":{"line":71,"column":53},"end":{"line":75,"column":3}},"locations":[{"start":{"line":71,"column":53},"end":{"line":75,"column":3}}]},"29":{"type":"branch","line":72,"loc":{"start":{"line":72,"column":20},"end":{"line":72,"column":50}},"locations":[{"start":{"line":72,"column":20},"end":{"line":72,"column":50}}]}},"b":{"0":[9],"1":[2],"2":[7],"3":[3],"4":[3],"5":[1],"6":[0],"7":[7],"8":[4],"9":[1],"10":[3],"11":[3],"12":[1],"13":[2],"14":[1],"15":[0],"16":[6],"17":[13],"18":[12],"19":[2],"20":[11],"21":[2],"22":[1],"23":[10],"24":[1],"25":[9],"26":[5],"27":[4],"28":[1],"29":[0]},"fnMap":{"0":{"name":"parseInput","decl":{"start":{"line":11,"column":7},"end":{"line":25,"column":1}},"loc":{"start":{"line":11,"column":7},"end":{"line":25,"column":1}},"line":11},"1":{"name":"formatOutput","decl":{"start":{"line":27,"column":7},"end":{"line":49,"column":1}},"loc":{"start":{"line":27,"column":7},"end":{"line":49,"column":1}},"line":27},"2":{"name":"stringifyToml","decl":{"start":{"line":51,"column":7},"end":{"line":78,"column":1}},"loc":{"start":{"line":51,"column":7},"end":{"line":78,"column":1}},"line":51}},"f":{"0":9,"1":7,"2":6}}
,"/home/ttakahashi/workspace/dev-tools-suite/tools/jwt-decoder/utils/jwt-utils.ts": {"path":"/home/ttakahashi/workspace/dev-tools-suite/tools/jwt-decoder/utils/jwt-utils.ts","all":false,"statementMap":{"0":{"start":{"line":1,"column":0},"end":{"line":1,"column":56}},"1":{"start":{"line":2,"column":0},"end":{"line":2,"column":30}},"2":{"start":{"line":3,"column":0},"end":{"line":3,"column":30}},"3":{"start":{"line":4,"column":0},"end":{"line":4,"column":30}},"4":{"start":{"line":5,"column":0},"end":{"line":5,"column":29}},"5":{"start":{"line":6,"column":0},"end":{"line":6,"column":29}},"6":{"start":{"line":7,"column":0},"end":{"line":7,"column":29}},"7":{"start":{"line":8,"column":0},"end":{"line":8,"column":41}},"8":{"start":{"line":9,"column":0},"end":{"line":9,"column":41}},"9":{"start":{"line":10,"column":0},"end":{"line":10,"column":41}},"10":{"start":{"line":11,"column":0},"end":{"line":11,"column":33}},"11":{"start":{"line":12,"column":0},"end":{"line":12,"column":33}},"12":{"start":{"line":13,"column":0},"end":{"line":13,"column":33}},"13":{"start":{"line":14,"column":0},"end":{"line":14,"column":23}},"14":{"start":{"line":15,"column":0},"end":{"line":15,"column":1}},"16":{"start":{"line":17,"column":0},"end":{"line":17,"column":62}},"17":{"start":{"line":18,"column":0},"end":{"line":18,"column":59}},"18":{"start":{"line":19,"column":0},"end":{"line":19,"column":1}},"20":{"start":{"line":21,"column":0},"end":{"line":21,"column":60}},"21":{"start":{"line":22,"column":0},"end":{"line":22,"column":52}},"22":{"start":{"line":23,"column":0},"end":{"line":23,"column":1}},"24":{"start":{"line":25,"column":0},"end":{"line":25,"column":71}},"25":{"start":{"line":26,"column":0},"end":{"line":26,"column":56}},"26":{"start":{"line":27,"column":0},"end":{"line":27,"column":43}},"27":{"start":{"line":28,"column":0},"end":{"line":28,"column":3}},"28":{"start":{"line":29,"column":0},"end":{"line":29,"column":29}},"29":{"start":{"line":30,"column":0},"end":{"line":30,"column":27}},"30":{"start":{"line":31,"column":0},"end":{"line":31,"column":3}},"31":{"start":{"line":32,"column":0},"end":{"line":32,"column":22}},"32":{"start":{"line":33,"column":0},"end":{"line":33,"column":1}}},"s":{"0":1,"1":1,"2":1,"3":1,"4":1,"5":1,"6":1,"7":1,"8":1,"9":1,"10":1,"11":1,"12":1,"13":1,"14":1,"16":1,"17":18,"18":18,"20":1,"21":5,"22":5,"24":1,"25":7,"26":3,"27":3,"28":7,"29":1,"30":1,"31":3,"32":3},"branchMap":{"0":{"type":"branch","line":17,"loc":{"start":{"line":17,"column":7},"end":{"line":19,"column":1}},"locations":[{"start":{"line":17,"column":7},"end":{"line":19,"column":1}}]},"1":{"type":"branch","line":18,"loc":{"start":{"line":18,"column":35},"end":{"line":18,"column":59}},"locations":[{"start":{"line":18,"column":35},"end":{"line":18,"column":59}}]},"2":{"type":"branch","line":21,"loc":{"start":{"line":21,"column":7},"end":{"line":23,"column":1}},"locations":[{"start":{"line":21,"column":7},"end":{"line":23,"column":1}}]},"3":{"type":"branch","line":25,"loc":{"start":{"line":25,"column":7},"end":{"line":33,"column":1}},"locations":[{"start":{"line":25,"column":7},"end":{"line":33,"column":1}}]},"4":{"type":"branch","line":26,"loc":{"start":{"line":26,"column":14},"end":{"line":26,"column":40}},"locations":[{"start":{"line":26,"column":14},"end":{"line":26,"column":40}}]},"5":{"type":"branch","line":26,"loc":{"start":{"line":26,"column":31},"end":{"line":26,"column":55}},"locations":[{"start":{"line":26,"column":31},"end":{"line":26,"column":55}}]},"6":{"type":"branch","line":26,"loc":{"start":{"line":26,"column":55},"end":{"line":28,"column":3}},"locations":[{"start":{"line":26,"column":55},"end":{"line":28,"column":3}}]},"7":{"type":"branch","line":28,"loc":{"start":{"line":28,"column":2},"end":{"line":29,"column":28}},"locations":[{"start":{"line":28,"column":2},"end":{"line":29,"column":28}}]},"8":{"type":"branch","line":29,"loc":{"start":{"line":29,"column":28},"end":{"line":31,"column":3}},"locations":[{"start":{"line":29,"column":28},"end":{"line":31,"column":3}}]},"9":{"type":"branch","line":31,"loc":{"start":{"line":31,"column":2},"end":{"line":33,"column":1}},"locations":[{"start":{"line":31,"column":2},"end":{"line":33,"column":1}}]}},"b":{"0":[18],"1":[2],"2":[5],"3":[7],"4":[6],"5":[5],"6":[3],"7":[4],"8":[1],"9":[3]},"fnMap":{"0":{"name":"getAlgorithmDescription","decl":{"start":{"line":17,"column":7},"end":{"line":19,"column":1}},"loc":{"start":{"line":17,"column":7},"end":{"line":19,"column":1}},"line":17},"1":{"name":"formatTimestamp","decl":{"start":{"line":21,"column":7},"end":{"line":23,"column":1}},"loc":{"start":{"line":21,"column":7},"end":{"line":23,"column":1}},"line":21},"2":{"name":"formatClaimValue","decl":{"start":{"line":25,"column":7},"end":{"line":33,"column":1}},"loc":{"start":{"line":25,"column":7},"end":{"line":33,"column":1}},"line":25}},"f":{"0":18,"1":5,"2":7}}
,"/home/ttakahashi/workspace/dev-tools-suite/tools/password-generator/utils/password-utils.ts": {"path":"/home/ttakahashi/workspace/dev-tools-suite/tools/password-generator/utils/password-utils.ts","all":false,"statementMap":{"0":{"start":{"line":1,"column":0},"end":{"line":1,"column":34}},"9":{"start":{"line":10,"column":0},"end":{"line":10,"column":59}},"10":{"start":{"line":11,"column":0},"end":{"line":11,"column":59}},"11":{"start":{"line":12,"column":0},"end":{"line":12,"column":40}},"12":{"start":{"line":13,"column":0},"end":{"line":13,"column":56}},"13":{"start":{"line":14,"column":0},"end":{"line":14,"column":36}},"14":{"start":{"line":15,"column":0},"end":{"line":15,"column":51}},"16":{"start":{"line":17,"column":0},"end":{"line":17,"column":67}},"17":{"start":{"line":18,"column":0},"end":{"line":18,"column":18}},"19":{"start":{"line":20,"column":0},"end":{"line":20,"column":58}},"20":{"start":{"line":21,"column":0},"end":{"line":21,"column":58}},"21":{"start":{"line":22,"column":0},"end":{"line":22,"column":53}},"22":{"start":{"line":23,"column":0},"end":{"line":23,"column":53}},"24":{"start":{"line":25,"column":0},"end":{"line":25,"column":31}},"25":{"start":{"line":26,"column":0},"end":{"line":26,"column":21}},"26":{"start":{"line":27,"column":0},"end":{"line":27,"column":16}},"27":{"start":{"line":28,"column":0},"end":{"line":28,"column":52}},"28":{"start":{"line":29,"column":0},"end":{"line":29,"column":15}},"29":{"start":{"line":30,"column":0},"end":{"line":30,"column":3}},"31":{"start":{"line":32,"column":0},"end":{"line":32,"column":33}},"32":{"start":{"line":33,"column":0},"end":{"line":33,"column":21}},"33":{"start":{"line":34,"column":0},"end":{"line":34,"column":16}},"34":{"start":{"line":35,"column":0},"end":{"line":35,"column":54}},"35":{"start":{"line":36,"column":0},"end":{"line":36,"column":15}},"36":{"start":{"line":37,"column":0},"end":{"line":37,"column":3}},"38":{"start":{"line":39,"column":0},"end":{"line":39,"column":16}},"39":{"start":{"line":40,"column":0},"end":{"line":40,"column":1}},"41":{"start":{"line":42,"column":0},"end":{"line":42,"column":35}},"42":{"start":{"line":43,"column":0},"end":{"line":43,"column":14}},"43":{"start":{"line":44,"column":0},"end":{"line":44,"column":62}},"44":{"start":{"line":45,"column":0},"end":{"line":45,"column":11}},"45":{"start":{"line":46,"column":0},"end":{"line":46,"column":98}},"46":{"start":{"line":47,"column":0},"end":{"line":47,"column":41}},"47":{"start":{"line":48,"column":0},"end":{"line":48,"column":36}},"48":{"start":{"line":49,"column":0},"end":{"line":49,"column":33}},"49":{"start":{"line":50,"column":0},"end":{"line":50,"column":25}},"50":{"start":{"line":51,"column":0},"end":{"line":51,"column":3}},"51":{"start":{"line":52,"column":0},"end":{"line":52,"column":40}},"52":{"start":{"line":53,"column":0},"end":{"line":53,"column":1}}},"s":{"0":1,"9":1,"10":1,"11":1,"12":1,"13":1,"14":1,"16":1,"17":7,"19":7,"20":7,"21":7,"22":7,"24":7,"25":1,"26":1,"27":1,"28":1,"29":1,"31":7,"32":1,"33":1,"34":1,"35":1,"36":1,"38":7,"39":7,"41":1,"42":102,"43":102,"44":102,"45":102,"46":102,"47":102,"48":102,"49":102,"50":102,"51":0,"52":0},"branchMap":{"0":{"type":"branch","line":17,"loc":{"start":{"line":17,"column":7},"end":{"line":40,"column":1}},"locations":[{"start":{"line":17,"column":7},"end":{"line":40,"column":1}}]},"1":{"type":"branch","line":20,"loc":{"start":{"line":20,"column":32},"end":{"line":20,"column":58}},"locations":[{"start":{"line":20,"column":32},"end":{"line":20,"column":58}}]},"2":{"type":"branch","line":21,"loc":{"start":{"line":21,"column":32},"end":{"line":21,"column":58}},"locations":[{"start":{"line":21,"column":32},"end":{"line":21,"column":58}}]},"3":{"type":"branch","line":22,"loc":{"start":{"line":22,"column":30},"end":{"line":22,"column":53}},"locations":[{"start":{"line":22,"column":30},"end":{"line":22,"column":53}}]},"4":{"type":"branch","line":23,"loc":{"start":{"line":23,"column":30},"end":{"line":23,"column":53}},"locations":[{"start":{"line":23,"column":30},"end":{"line":23,"column":53}}]},"5":{"type":"branch","line":25,"loc":{"start":{"line":25,"column":30},"end":{"line":30,"column":3}},"locations":[{"start":{"line":25,"column":30},"end":{"line":30,"column":3}}]},"6":{"type":"branch","line":32,"loc":{"start":{"line":32,"column":32},"end":{"line":37,"column":3}},"locations":[{"start":{"line":32,"column":32},"end":{"line":37,"column":3}}]},"7":{"type":"branch","line":28,"loc":{"start":{"line":28,"column":14},"end":{"line":28,"column":51}},"locations":[{"start":{"line":28,"column":14},"end":{"line":28,"column":51}}]},"8":{"type":"branch","line":35,"loc":{"start":{"line":35,"column":14},"end":{"line":35,"column":53}},"locations":[{"start":{"line":35,"column":14},"end":{"line":35,"column":53}}]},"9":{"type":"branch","line":42,"loc":{"start":{"line":42,"column":7},"end":{"line":53,"column":1}},"locations":[{"start":{"line":42,"column":7},"end":{"line":53,"column":1}}]},"10":{"type":"branch","line":46,"loc":{"start":{"line":46,"column":17},"end":{"line":46,"column":98}},"locations":[{"start":{"line":46,"column":17},"end":{"line":46,"column":98}}]},"11":{"type":"branch","line":46,"loc":{"start":{"line":46,"column":79},"end":{"line":46,"column":98}},"locations":[{"start":{"line":46,"column":79},"end":{"line":46,"column":98}}]},"12":{"type":"branch","line":51,"loc":{"start":{"line":51,"column":2},"end":{"line":53,"column":1}},"locations":[{"start":{"line":51,"column":2},"end":{"line":53,"column":1}}]}},"b":{"0":[7],"1":[5],"2":[5],"3":[3],"4":[2],"5":[1],"6":[1],"7":[62],"8":[88],"9":[102],"10":[101],"11":[0],"12":[0]},"fnMap":{"0":{"name":"getCharacterSet","decl":{"start":{"line":17,"column":7},"end":{"line":40,"column":1}},"loc":{"start":{"line":17,"column":7},"end":{"line":40,"column":1}},"line":17},"1":{"name":"getSecureRandomInt","decl":{"start":{"line":42,"column":7},"end":{"line":53,"column":1}},"loc":{"start":{"line":42,"column":7},"end":{"line":53,"column":1}},"line":42}},"f":{"0":7,"1":102}}
,"/home/ttakahashi/workspace/dev-tools-suite/tools/regex-tester/utils/regex-utils.ts": {"path":"/home/ttakahashi/workspace/dev-tools-suite/tools/regex-tester/utils/regex-utils.ts","all":false,"statementMap":{"0":{"start":{"line":1,"column":0},"end":{"line":1,"column":29}},"13":{"start":{"line":14,"column":0},"end":{"line":14,"column":60}},"14":{"start":{"line":15,"column":0},"end":{"line":15,"column":21}},"15":{"start":{"line":16,"column":0},"end":{"line":16,"column":37}},"16":{"start":{"line":17,"column":0},"end":{"line":17,"column":41}},"17":{"start":{"line":18,"column":0},"end":{"line":18,"column":40}},"18":{"start":{"line":19,"column":0},"end":{"line":19,"column":37}},"19":{"start":{"line":20,"column":0},"end":{"line":20,"column":19}},"20":{"start":{"line":21,"column":0},"end":{"line":21,"column":1}},"22":{"start":{"line":23,"column":0},"end":{"line":23,"column":34}},"23":{"start":{"line":24,"column":0},"end":{"line":24,"column":18}},"24":{"start":{"line":25,"column":0},"end":{"line":25,"column":21}},"25":{"start":{"line":26,"column":0},"end":{"line":26,"column":19}},"26":{"start":{"line":27,"column":0},"end":{"line":27,"column":17}},"27":{"start":{"line":28,"column":0},"end":{"line":28,"column":43}},"28":{"start":{"line":29,"column":0},"end":{"line":29,"column":47}},"29":{"start":{"line":30,"column":0},"end":{"line":30,"column":39}},"30":{"start":{"line":31,"column":0},"end":{"line":31,"column":21}},"31":{"start":{"line":32,"column":0},"end":{"line":32,"column":38}},"32":{"start":{"line":33,"column":0},"end":{"line":33,"column":28}},"33":{"start":{"line":34,"column":0},"end":{"line":34,"column":25}},"34":{"start":{"line":35,"column":0},"end":{"line":35,"column":24}},"35":{"start":{"line":36,"column":0},"end":{"line":36,"column":28}},"36":{"start":{"line":37,"column":0},"end":{"line":37,"column":31}},"37":{"start":{"line":38,"column":0},"end":{"line":38,"column":8}},"38":{"start":{"line":39,"column":0},"end":{"line":39,"column":28}},"39":{"start":{"line":40,"column":0},"end":{"line":40,"column":25}},"40":{"start":{"line":41,"column":0},"end":{"line":41,"column":7}},"41":{"start":{"line":42,"column":0},"end":{"line":42,"column":36}},"42":{"start":{"line":43,"column":0},"end":{"line":43,"column":5}},"43":{"start":{"line":44,"column":0},"end":{"line":44,"column":10}},"44":{"start":{"line":45,"column":0},"end":{"line":45,"column":40}},"45":{"start":{"line":46,"column":0},"end":{"line":46,"column":16}},"46":{"start":{"line":47,"column":0},"end":{"line":47,"column":25}},"47":{"start":{"line":48,"column":0},"end":{"line":48,"column":24}},"48":{"start":{"line":49,"column":0},"end":{"line":49,"column":28}},"49":{"start":{"line":50,"column":0},"end":{"line":50,"column":31}},"50":{"start":{"line":51,"column":0},"end":{"line":51,"column":8}},"51":{"start":{"line":52,"column":0},"end":{"line":52,"column":5}},"52":{"start":{"line":53,"column":0},"end":{"line":53,"column":3}},"54":{"start":{"line":55,"column":0},"end":{"line":55,"column":21}},"55":{"start":{"line":56,"column":0},"end":{"line":56,"column":1}},"57":{"start":{"line":58,"column":0},"end":{"line":58,"column":96}},"58":{"start":{"line":59,"column":0},"end":{"line":59,"column":47}},"59":{"start":{"line":60,"column":0},"end":{"line":60,"column":1}},"61":{"start":{"line":62,"column":0},"end":{"line":62,"column":50}},"62":{"start":{"line":63,"column":0},"end":{"line":63,"column":13}},"63":{"start":{"line":64,"column":0},"end":{"line":64,"column":27}},"64":{"start":{"line":65,"column":0},"end":{"line":65,"column":26}},"65":{"start":{"line":66,"column":0},"end":{"line":66,"column":26}},"66":{"start":{"line":67,"column":0},"end":{"line":67,"column":28}},"67":{"start":{"line":68,"column":0},"end":{"line":68,"column":28}},"68":{"start":{"line":69,"column":0},"end":{"line":69,"column":27}},"69":{"start":{"line":70,"column":0},"end":{"line":70,"column":28}},"70":{"start":{"line":71,"column":0},"end":{"line":71,"column":1}}},"s":{"0":1,"13":1,"14":9,"15":9,"16":9,"17":9,"18":9,"19":9,"20":9,"22":1,"23":5,"24":5,"25":5,"26":5,"27":5,"28":5,"29":5,"30":5,"31":3,"32":3,"33":4,"34":4,"35":4,"36":4,"37":4,"38":4,"39":0,"40":0,"41":4,"42":4,"43":5,"44":2,"45":2,"46":2,"47":2,"48":2,"49":2,"50":2,"51":2,"52":2,"54":5,"55":5,"57":1,"58":3,"59":3,"61":1,"62":4,"63":4,"64":4,"65":4,"66":4,"67":4,"68":4,"69":4,"70":4},"branchMap":{"0":{"type":"branch","line":14,"loc":{"start":{"line":14,"column":7},"end":{"line":21,"column":1}},"locations":[{"start":{"line":14,"column":7},"end":{"line":21,"column":1}}]},"1":{"type":"branch","line":16,"loc":{"start":{"line":16,"column":20},"end":{"line":16,"column":37}},"locations":[{"start":{"line":16,"column":20},"end":{"line":16,"column":37}}]},"2":{"type":"branch","line":17,"loc":{"start":{"line":17,"column":24},"end":{"line":17,"column":41}},"locations":[{"start":{"line":17,"column":24},"end":{"line":17,"column":41}}]},"3":{"type":"branch","line":18,"loc":{"start":{"line":18,"column":23},"end":{"line":18,"column":40}},"locations":[{"start":{"line":18,"column":23},"end":{"line":18,"column":40}}]},"4":{"type":"branch","line":19,"loc":{"start":{"line":19,"column":20},"end":{"line":19,"column":37}},"locations":[{"start":{"line":19,"column":20},"end":{"line":19,"column":37}}]},"5":{"type":"branch","line":23,"loc":{"start":{"line":23,"column":7},"end":{"line":56,"column":1}},"locations":[{"start":{"line":23,"column":7},"end":{"line":56,"column":1}}]},"6":{"type":"branch","line":31,"loc":{"start":{"line":31,"column":20},"end":{"line":44,"column":9}},"locations":[{"start":{"line":31,"column":20},"end":{"line":44,"column":9}}]},"7":{"type":"branch","line":33,"loc":{"start":{"line":33,"column":27},"end":{"line":43,"column":5}},"locations":[{"start":{"line":33,"column":27},"end":{"line":43,"column":5}}]},"8":{"type":"branch","line":39,"loc":{"start":{"line":39,"column":27},"end":{"line":41,"column":7}},"locations":[{"start":{"line":39,"column":27},"end":{"line":41,"column":7}}]},"9":{"type":"branch","line":44,"loc":{"start":{"line":44,"column":2},"end":{"line":53,"column":3}},"locations":[{"start":{"line":44,"column":2},"end":{"line":53,"column":3}}]},"10":{"type":"branch","line":58,"loc":{"start":{"line":58,"column":7},"end":{"line":60,"column":1}},"locations":[{"start":{"line":58,"column":7},"end":{"line":60,"column":1}}]},"11":{"type":"branch","line":62,"loc":{"start":{"line":62,"column":7},"end":{"line":71,"column":1}},"locations":[{"start":{"line":62,"column":7},"end":{"line":71,"column":1}}]}},"b":{"0":[9],"1":[6],"2":[3],"3":[1],"4":[1],"5":[5],"6":[3],"7":[4],"8":[0],"9":[2],"10":[3],"11":[4]},"fnMap":{"0":{"name":"buildFlagString","decl":{"start":{"line":14,"column":7},"end":{"line":21,"column":1}},"loc":{"start":{"line":14,"column":7},"end":{"line":21,"column":1}},"line":14},"1":{"name":"parseRegexMatches","decl":{"start":{"line":23,"column":7},"end":{"line":56,"column":1}},"loc":{"start":{"line":23,"column":7},"end":{"line":56,"column":1}},"line":23},"2":{"name":"performReplace","decl":{"start":{"line":58,"column":7},"end":{"line":60,"column":1}},"loc":{"start":{"line":58,"column":7},"end":{"line":60,"column":1}},"line":58},"3":{"name":"escapeHtml","decl":{"start":{"line":62,"column":7},"end":{"line":71,"column":1}},"loc":{"start":{"line":62,"column":7},"end":{"line":71,"column":1}},"line":62}},"f":{"0":9,"1":5,"2":3,"3":4}}
,"/home/ttakahashi/workspace/dev-tools-suite/tools/shared/utils/scroll-detection.ts": {"path":"/home/ttakahashi/workspace/dev-tools-suite/tools/shared/utils/scroll-detection.ts","all":false,"statementMap":{"0":{"start":{"line":1,"column":0},"end":{"line":1,"column":3}},"17":{"start":{"line":18,"column":0},"end":{"line":18,"column":54}},"19":{"start":{"line":20,"column":0},"end":{"line":20,"column":57}},"20":{"start":{"line":21,"column":0},"end":{"line":21,"column":5}},"21":{"start":{"line":22,"column":0},"end":{"line":22,"column":32}},"22":{"start":{"line":23,"column":0},"end":{"line":23,"column":35}},"23":{"start":{"line":24,"column":0},"end":{"line":24,"column":31}},"24":{"start":{"line":25,"column":0},"end":{"line":25,"column":26}},"25":{"start":{"line":26,"column":0},"end":{"line":26,"column":32}},"26":{"start":{"line":27,"column":0},"end":{"line":27,"column":15}},"27":{"start":{"line":28,"column":0},"end":{"line":28,"column":3}},"29":{"start":{"line":30,"column":0},"end":{"line":30,"column":49}},"30":{"start":{"line":31,"column":0},"end":{"line":31,"column":44}},"31":{"start":{"line":32,"column":0},"end":{"line":32,"column":51}},"34":{"start":{"line":35,"column":0},"end":{"line":35,"column":8}},"35":{"start":{"line":36,"column":0},"end":{"line":36,"column":71}},"36":{"start":{"line":37,"column":0},"end":{"line":37,"column":49}},"37":{"start":{"line":38,"column":0},"end":{"line":38,"column":7}},"38":{"start":{"line":39,"column":0},"end":{"line":39,"column":20}},"39":{"start":{"line":40,"column":0},"end":{"line":40,"column":5}},"40":{"start":{"line":41,"column":0},"end":{"line":41,"column":3}},"43":{"start":{"line":44,"column":0},"end":{"line":44,"column":24}},"44":{"start":{"line":45,"column":0},"end":{"line":45,"column":35}},"45":{"start":{"line":46,"column":0},"end":{"line":46,"column":36}},"46":{"start":{"line":47,"column":0},"end":{"line":47,"column":44}},"47":{"start":{"line":48,"column":0},"end":{"line":48,"column":44}},"48":{"start":{"line":49,"column":0},"end":{"line":49,"column":36}},"50":{"start":{"line":51,"column":0},"end":{"line":51,"column":36}},"51":{"start":{"line":52,"column":0},"end":{"line":52,"column":48}},"52":{"start":{"line":53,"column":0},"end":{"line":53,"column":17}},"53":{"start":{"line":54,"column":0},"end":{"line":54,"column":5}},"54":{"start":{"line":55,"column":0},"end":{"line":55,"column":3}},"57":{"start":{"line":58,"column":0},"end":{"line":58,"column":67}},"58":{"start":{"line":59,"column":0},"end":{"line":59,"column":24}},"59":{"start":{"line":60,"column":0},"end":{"line":60,"column":3}},"62":{"start":{"line":63,"column":0},"end":{"line":63,"column":22}},"63":{"start":{"line":64,"column":0},"end":{"line":64,"column":1}},"70":{"start":{"line":71,"column":0},"end":{"line":71,"column":75}},"71":{"start":{"line":72,"column":0},"end":{"line":72,"column":19}},"72":{"start":{"line":73,"column":0},"end":{"line":73,"column":12}},"73":{"start":{"line":74,"column":0},"end":{"line":74,"column":3}},"75":{"start":{"line":76,"column":0},"end":{"line":76,"column":7}},"76":{"start":{"line":77,"column":0},"end":{"line":77,"column":25}},"77":{"start":{"line":78,"column":0},"end":{"line":78,"column":28}},"78":{"start":{"line":79,"column":0},"end":{"line":79,"column":28}},"80":{"start":{"line":81,"column":0},"end":{"line":81,"column":38}},"82":{"start":{"line":83,"column":0},"end":{"line":83,"column":54}},"83":{"start":{"line":84,"column":0},"end":{"line":84,"column":58}},"84":{"start":{"line":85,"column":0},"end":{"line":85,"column":39}},"85":{"start":{"line":86,"column":0},"end":{"line":86,"column":12}},"87":{"start":{"line":88,"column":0},"end":{"line":88,"column":37}},"88":{"start":{"line":89,"column":0},"end":{"line":89,"column":43}},"89":{"start":{"line":90,"column":0},"end":{"line":90,"column":43}},"90":{"start":{"line":91,"column":0},"end":{"line":91,"column":5}},"92":{"start":{"line":93,"column":0},"end":{"line":93,"column":56}},"95":{"start":{"line":96,"column":0},"end":{"line":96,"column":32}},"96":{"start":{"line":97,"column":0},"end":{"line":97,"column":14}},"97":{"start":{"line":98,"column":0},"end":{"line":98,"column":5}},"100":{"start":{"line":101,"column":0},"end":{"line":101,"column":87}},"101":{"start":{"line":102,"column":0},"end":{"line":102,"column":21}},"102":{"start":{"line":103,"column":0},"end":{"line":103,"column":19}},"103":{"start":{"line":104,"column":0},"end":{"line":104,"column":63}},"104":{"start":{"line":105,"column":0},"end":{"line":105,"column":12}},"105":{"start":{"line":106,"column":0},"end":{"line":106,"column":3}},"106":{"start":{"line":107,"column":0},"end":{"line":107,"column":1}},"113":{"start":{"line":114,"column":0},"end":{"line":114,"column":69}},"114":{"start":{"line":115,"column":0},"end":{"line":115,"column":19}},"115":{"start":{"line":116,"column":0},"end":{"line":116,"column":15}},"116":{"start":{"line":117,"column":0},"end":{"line":117,"column":3}},"118":{"start":{"line":119,"column":0},"end":{"line":119,"column":7}},"119":{"start":{"line":120,"column":0},"end":{"line":120,"column":38}},"120":{"start":{"line":121,"column":0},"end":{"line":121,"column":72}},"121":{"start":{"line":122,"column":0},"end":{"line":122,"column":12}},"122":{"start":{"line":123,"column":0},"end":{"line":123,"column":61}},"123":{"start":{"line":124,"column":0},"end":{"line":124,"column":5}},"124":{"start":{"line":125,"column":0},"end":{"line":125,"column":19}},"125":{"start":{"line":126,"column":0},"end":{"line":126,"column":62}},"126":{"start":{"line":127,"column":0},"end":{"line":127,"column":15}},"127":{"start":{"line":128,"column":0},"end":{"line":128,"column":3}},"128":{"start":{"line":129,"column":0},"end":{"line":129,"column":1}},"136":{"start":{"line":137,"column":0},"end":{"line":137,"column":91}},"137":{"start":{"line":138,"column":0},"end":{"line":138,"column":45}},"138":{"start":{"line":139,"column":0},"end":{"line":139,"column":22}},"140":{"start":{"line":141,"column":0},"end":{"line":141,"column":38}},"141":{"start":{"line":142,"column":0},"end":{"line":142,"column":34}},"143":{"start":{"line":144,"column":0},"end":{"line":144,"column":46}},"145":{"start":{"line":146,"column":0},"end":{"line":146,"column":15}},"146":{"start":{"line":147,"column":0},"end":{"line":147,"column":32}},"147":{"start":{"line":148,"column":0},"end":{"line":148,"column":12}},"149":{"start":{"line":150,"column":0},"end":{"line":150,"column":22}},"150":{"start":{"line":151,"column":0},"end":{"line":151,"column":31}},"151":{"start":{"line":152,"column":0},"end":{"line":152,"column":7}},"153":{"start":{"line":154,"column":0},"end":{"line":154,"column":29}},"154":{"start":{"line":155,"column":0},"end":{"line":155,"column":15}},"155":{"start":{"line":156,"column":0},"end":{"line":156,"column":19}},"156":{"start":{"line":157,"column":0},"end":{"line":157,"column":35}},"157":{"start":{"line":158,"column":0},"end":{"line":158,"column":26}},"158":{"start":{"line":159,"column":0},"end":{"line":159,"column":10}},"159":{"start":{"line":160,"column":0},"end":{"line":160,"column":44}},"160":{"start":{"line":161,"column":0},"end":{"line":161,"column":7}},"161":{"start":{"line":162,"column":0},"end":{"line":162,"column":5}},"162":{"start":{"line":163,"column":0},"end":{"line":163,"column":3}},"163":{"start":{"line":164,"column":0},"end":{"line":164,"column":1}},"170":{"start":{"line":171,"column":0},"end":{"line":171,"column":87}},"171":{"start":{"line":172,"column":0},"end":{"line":172,"column":43}},"172":{"start":{"line":173,"column":0},"end":{"line":173,"column":47}},"173":{"start":{"line":174,"column":0},"end":{"line":174,"column":57}},"175":{"start":{"line":176,"column":0},"end":{"line":176,"column":30}},"177":{"start":{"line":178,"column":0},"end":{"line":178,"column":36}},"178":{"start":{"line":179,"column":0},"end":{"line":179,"column":81}},"179":{"start":{"line":180,"column":0},"end":{"line":180,"column":10}},"180":{"start":{"line":181,"column":0},"end":{"line":181,"column":70}},"181":{"start":{"line":182,"column":0},"end":{"line":182,"column":3}},"183":{"start":{"line":184,"column":0},"end":{"line":184,"column":10}},"184":{"start":{"line":185,"column":0},"end":{"line":185,"column":14}},"185":{"start":{"line":186,"column":0},"end":{"line":186,"column":25}},"186":{"start":{"line":187,"column":0},"end":{"line":187,"column":52}},"187":{"start":{"line":188,"column":0},"end":{"line":188,"column":3}},"188":{"start":{"line":189,"column":0},"end":{"line":189,"column":1}},"193":{"start":{"line":194,"column":0},"end":{"line":194,"column":36}},"194":{"start":{"line":195,"column":0},"end":{"line":195,"column":64}},"195":{"start":{"line":196,"column":0},"end":{"line":196,"column":72}},"196":{"start":{"line":197,"column":0},"end":{"line":197,"column":58}},"197":{"start":{"line":198,"column":0},"end":{"line":198,"column":60}},"198":{"start":{"line":199,"column":0},"end":{"line":199,"column":1}}},"s":{"0":1,"17":1,"19":0,"20":0,"21":0,"22":0,"23":0,"24":0,"25":0,"26":0,"27":0,"29":0,"30":0,"31":0,"34":0,"35":0,"36":0,"37":0,"38":0,"39":0,"40":0,"43":0,"44":0,"45":0,"46":0,"47":0,"48":0,"50":0,"51":0,"52":0,"53":0,"54":0,"57":0,"58":0,"59":0,"62":0,"63":0,"70":1,"71":4,"72":0,"73":0,"75":4,"76":4,"77":4,"78":4,"80":4,"82":0,"83":0,"84":0,"85":4,"87":4,"88":4,"89":4,"90":4,"92":4,"95":4,"96":1,"97":1,"100":3,"101":3,"102":4,"103":0,"104":0,"105":0,"106":4,"113":1,"114":2,"115":0,"116":0,"118":2,"119":2,"120":0,"121":2,"122":2,"123":2,"124":2,"125":0,"126":0,"127":0,"128":2,"136":1,"137":2,"138":2,"140":2,"141":4,"143":4,"145":2,"146":2,"147":2,"149":2,"150":1,"151":1,"153":2,"154":2,"155":1,"156":1,"157":1,"158":1,"159":2,"160":2,"161":2,"162":4,"163":2,"170":1,"171":0,"172":0,"173":0,"175":0,"177":0,"178":0,"179":0,"180":0,"181":0,"183":0,"184":0,"185":0,"186":0,"187":0,"188":0,"193":1,"194":1,"195":1,"196":1,"197":1,"198":1},"branchMap":{"0":{"type":"branch","line":71,"loc":{"start":{"line":71,"column":7},"end":{"line":107,"column":1}},"locations":[{"start":{"line":71,"column":7},"end":{"line":107,"column":1}}]},"1":{"type":"branch","line":72,"loc":{"start":{"line":72,"column":18},"end":{"line":74,"column":3}},"locations":[{"start":{"line":72,"column":18},"end":{"line":74,"column":3}}]},"2":{"type":"branch","line":81,"loc":{"start":{"line":81,"column":37},"end":{"line":86,"column":11}},"locations":[{"start":{"line":81,"column":37},"end":{"line":86,"column":11}}]},"3":{"type":"branch","line":96,"loc":{"start":{"line":96,"column":31},"end":{"line":98,"column":5}},"locations":[{"start":{"line":96,"column":31},"end":{"line":98,"column":5}}]},"4":{"type":"branch","line":98,"loc":{"start":{"line":98,"column":4},"end":{"line":103,"column":11}},"locations":[{"start":{"line":98,"column":4},"end":{"line":103,"column":11}}]},"5":{"type":"branch","line":103,"loc":{"start":{"line":103,"column":2},"end":{"line":106,"column":3}},"locations":[{"start":{"line":103,"column":2},"end":{"line":106,"column":3}}]},"6":{"type":"branch","line":114,"loc":{"start":{"line":114,"column":7},"end":{"line":129,"column":1}},"locations":[{"start":{"line":114,"column":7},"end":{"line":129,"column":1}}]},"7":{"type":"branch","line":115,"loc":{"start":{"line":115,"column":18},"end":{"line":117,"column":3}},"locations":[{"start":{"line":115,"column":18},"end":{"line":117,"column":3}}]},"8":{"type":"branch","line":120,"loc":{"start":{"line":120,"column":37},"end":{"line":122,"column":11}},"locations":[{"start":{"line":120,"column":37},"end":{"line":122,"column":11}}]},"9":{"type":"branch","line":125,"loc":{"start":{"line":125,"column":2},"end":{"line":128,"column":3}},"locations":[{"start":{"line":125,"column":2},"end":{"line":128,"column":3}}]},"10":{"type":"branch","line":137,"loc":{"start":{"line":137,"column":7},"end":{"line":164,"column":1}},"locations":[{"start":{"line":137,"column":7},"end":{"line":164,"column":1}}]},"11":{"type":"branch","line":141,"loc":{"start":{"line":141,"column":9},"end":{"line":163,"column":3}},"locations":[{"start":{"line":141,"column":9},"end":{"line":163,"column":3}}]},"12":{"type":"branch","line":144,"loc":{"start":{"line":144,"column":45},"end":{"line":162,"column":5}},"locations":[{"start":{"line":144,"column":45},"end":{"line":162,"column":5}}]},"13":{"type":"branch","line":150,"loc":{"start":{"line":150,"column":21},"end":{"line":152,"column":7}},"locations":[{"start":{"line":150,"column":21},"end":{"line":152,"column":7}}]},"14":{"type":"branch","line":155,"loc":{"start":{"line":155,"column":8},"end":{"line":159,"column":10}},"locations":[{"start":{"line":155,"column":8},"end":{"line":159,"column":10}}]}},"b":{"0":[4],"1":[0],"2":[0],"3":[1],"4":[3],"5":[0],"6":[2],"7":[0],"8":[0],"9":[0],"10":[2],"11":[4],"12":[2],"13":[1],"14":[1]},"fnMap":{"0":{"name":"detectScrollContainer","decl":{"start":{"line":18,"column":7},"end":{"line":64,"column":1}},"loc":{"start":{"line":18,"column":7},"end":{"line":64,"column":1}},"line":18},"1":{"name":"calculateScrollPercentage","decl":{"start":{"line":71,"column":7},"end":{"line":107,"column":1}},"loc":{"start":{"line":71,"column":7},"end":{"line":107,"column":1}},"line":71},"2":{"name":"isPageContentShort","decl":{"start":{"line":114,"column":7},"end":{"line":129,"column":1}},"loc":{"start":{"line":114,"column":7},"end":{"line":129,"column":1}},"line":114},"3":{"name":"throttleScrollEvent","decl":{"start":{"line":137,"column":7},"end":{"line":164,"column":1}},"loc":{"start":{"line":137,"column":7},"end":{"line":164,"column":1}},"line":137},"4":{"name":"throttledHandler","decl":{"start":{"line":141,"column":9},"end":{"line":163,"column":3}},"loc":{"start":{"line":141,"column":9},"end":{"line":163,"column":3}},"line":141},"5":{"name":"getScrollDetectionInfo","decl":{"start":{"line":171,"column":7},"end":{"line":189,"column":1}},"loc":{"start":{"line":171,"column":7},"end":{"line":189,"column":1}},"line":171}},"f":{"0":0,"1":4,"2":2,"3":2,"4":4,"5":0}}
,"/home/ttakahashi/workspace/dev-tools-suite/tools/string-converter/utils/string-utils.ts": {"path":"/home/ttakahashi/workspace/dev-tools-suite/tools/string-converter/utils/string-utils.ts","all":false,"statementMap":{"0":{"start":{"line":1,"column":0},"end":{"line":1,"column":24}},"2":{"start":{"line":3,"column":0},"end":{"line":3,"column":53}},"3":{"start":{"line":4,"column":0},"end":{"line":4,"column":23}},"4":{"start":{"line":5,"column":0},"end":{"line":5,"column":50}},"5":{"start":{"line":6,"column":0},"end":{"line":6,"column":1}},"7":{"start":{"line":8,"column":0},"end":{"line":8,"column":53}},"8":{"start":{"line":9,"column":0},"end":{"line":9,"column":23}},"9":{"start":{"line":10,"column":0},"end":{"line":10,"column":60}},"10":{"start":{"line":11,"column":0},"end":{"line":11,"column":44}},"11":{"start":{"line":12,"column":0},"end":{"line":12,"column":1}},"13":{"start":{"line":14,"column":0},"end":{"line":14,"column":50}},"14":{"start":{"line":15,"column":0},"end":{"line":15,"column":23}},"15":{"start":{"line":16,"column":0},"end":{"line":16,"column":34}},"16":{"start":{"line":17,"column":0},"end":{"line":17,"column":1}},"18":{"start":{"line":19,"column":0},"end":{"line":19,"column":50}},"19":{"start":{"line":20,"column":0},"end":{"line":20,"column":23}},"20":{"start":{"line":21,"column":0},"end":{"line":21,"column":34}},"21":{"start":{"line":22,"column":0},"end":{"line":22,"column":1}},"23":{"start":{"line":24,"column":0},"end":{"line":24,"column":51}},"24":{"start":{"line":25,"column":0},"end":{"line":25,"column":23}},"25":{"start":{"line":26,"column":0},"end":{"line":26,"column":55}},"26":{"start":{"line":27,"column":0},"end":{"line":27,"column":1}},"28":{"start":{"line":29,"column":0},"end":{"line":29,"column":53}},"29":{"start":{"line":30,"column":0},"end":{"line":30,"column":23}},"30":{"start":{"line":31,"column":0},"end":{"line":31,"column":25}},"31":{"start":{"line":32,"column":0},"end":{"line":32,"column":1}},"33":{"start":{"line":34,"column":0},"end":{"line":34,"column":53}},"34":{"start":{"line":35,"column":0},"end":{"line":35,"column":23}},"35":{"start":{"line":36,"column":0},"end":{"line":36,"column":72}},"36":{"start":{"line":37,"column":0},"end":{"line":37,"column":1}},"38":{"start":{"line":39,"column":0},"end":{"line":39,"column":53}},"39":{"start":{"line":40,"column":0},"end":{"line":40,"column":23}},"40":{"start":{"line":41,"column":0},"end":{"line":41,"column":14}},"41":{"start":{"line":42,"column":0},"end":{"line":42,"column":31}},"42":{"start":{"line":43,"column":0},"end":{"line":43,"column":18}},"43":{"start":{"line":44,"column":0},"end":{"line":44,"column":22}},"44":{"start":{"line":45,"column":0},"end":{"line":45,"column":1}},"46":{"start":{"line":47,"column":0},"end":{"line":47,"column":52}},"47":{"start":{"line":48,"column":0},"end":{"line":48,"column":23}},"48":{"start":{"line":49,"column":0},"end":{"line":49,"column":28}},"49":{"start":{"line":50,"column":0},"end":{"line":50,"column":1}},"51":{"start":{"line":52,"column":0},"end":{"line":52,"column":52}},"52":{"start":{"line":53,"column":0},"end":{"line":53,"column":23}},"53":{"start":{"line":54,"column":0},"end":{"line":54,"column":28}},"54":{"start":{"line":55,"column":0},"end":{"line":55,"column":1}}},"s":{"0":1,"2":1,"3":4,"4":3,"5":3,"7":1,"8":3,"9":2,"10":2,"11":2,"13":1,"14":4,"15":3,"16":3,"18":1,"19":2,"20":1,"21":1,"23":1,"24":4,"25":3,"26":3,"28":1,"29":2,"30":1,"31":1,"33":1,"34":4,"35":3,"36":3,"38":1,"39":4,"40":3,"41":3,"42":3,"43":3,"44":3,"46":1,"47":3,"48":2,"49":2,"51":1,"52":3,"53":2,"54":2},"branchMap":{"0":{"type":"branch","line":3,"loc":{"start":{"line":3,"column":7},"end":{"line":6,"column":1}},"locations":[{"start":{"line":3,"column":7},"end":{"line":6,"column":1}}]},"1":{"type":"branch","line":4,"loc":{"start":{"line":4,"column":14},"end":{"line":4,"column":23}},"locations":[{"start":{"line":4,"column":14},"end":{"line":4,"column":23}}]},"2":{"type":"branch","line":4,"loc":{"start":{"line":4,"column":21},"end":{"line":6,"column":1}},"locations":[{"start":{"line":4,"column":21},"end":{"line":6,"column":1}}]},"3":{"type":"branch","line":8,"loc":{"start":{"line":8,"column":7},"end":{"line":12,"column":1}},"locations":[{"start":{"line":8,"column":7},"end":{"line":12,"column":1}}]},"4":{"type":"branch","line":9,"loc":{"start":{"line":9,"column":14},"end":{"line":9,"column":23}},"locations":[{"start":{"line":9,"column":14},"end":{"line":9,"column":23}}]},"5":{"type":"branch","line":9,"loc":{"start":{"line":9,"column":21},"end":{"line":12,"column":1}},"locations":[{"start":{"line":9,"column":21},"end":{"line":12,"column":1}}]},"6":{"type":"branch","line":14,"loc":{"start":{"line":14,"column":7},"end":{"line":17,"column":1}},"locations":[{"start":{"line":14,"column":7},"end":{"line":17,"column":1}}]},"7":{"type":"branch","line":15,"loc":{"start":{"line":15,"column":14},"end":{"line":15,"column":23}},"locations":[{"start":{"line":15,"column":14},"end":{"line":15,"column":23}}]},"8":{"type":"branch","line":15,"loc":{"start":{"line":15,"column":21},"end":{"line":17,"column":1}},"locations":[{"start":{"line":15,"column":21},"end":{"line":17,"column":1}}]},"9":{"type":"branch","line":19,"loc":{"start":{"line":19,"column":7},"end":{"line":22,"column":1}},"locations":[{"start":{"line":19,"column":7},"end":{"line":22,"column":1}}]},"10":{"type":"branch","line":20,"loc":{"start":{"line":20,"column":14},"end":{"line":22,"column":1}},"locations":[{"start":{"line":20,"column":14},"end":{"line":22,"column":1}}]},"11":{"type":"branch","line":24,"loc":{"start":{"line":24,"column":7},"end":{"line":27,"column":1}},"locations":[{"start":{"line":24,"column":7},"end":{"line":27,"column":1}}]},"12":{"type":"branch","line":25,"loc":{"start":{"line":25,"column":14},"end":{"line":25,"column":23}},"locations":[{"start":{"line":25,"column":14},"end":{"line":25,"column":23}}]},"13":{"type":"branch","line":25,"loc":{"start":{"line":25,"column":21},"end":{"line":27,"column":1}},"locations":[{"start":{"line":25,"column":21},"end":{"line":27,"column":1}}]},"14":{"type":"branch","line":29,"loc":{"start":{"line":29,"column":7},"end":{"line":32,"column":1}},"locations":[{"start":{"line":29,"column":7},"end":{"line":32,"column":1}}]},"15":{"type":"branch","line":30,"loc":{"start":{"line":30,"column":14},"end":{"line":32,"column":1}},"locations":[{"start":{"line":30,"column":14},"end":{"line":32,"column":1}}]},"16":{"type":"branch","line":34,"loc":{"start":{"line":34,"column":7},"end":{"line":37,"column":1}},"locations":[{"start":{"line":34,"column":7},"end":{"line":37,"column":1}}]},"17":{"type":"branch","line":35,"loc":{"start":{"line":35,"column":14},"end":{"line":35,"column":23}},"locations":[{"start":{"line":35,"column":14},"end":{"line":35,"column":23}}]},"18":{"type":"branch","line":35,"loc":{"start":{"line":35,"column":21},"end":{"line":37,"column":1}},"locations":[{"start":{"line":35,"column":21},"end":{"line":37,"column":1}}]},"19":{"type":"branch","line":36,"loc":{"start":{"line":36,"column":36},"end":{"line":36,"column":71}},"locations":[{"start":{"line":36,"column":36},"end":{"line":36,"column":71}}]},"20":{"type":"branch","line":39,"loc":{"start":{"line":39,"column":7},"end":{"line":45,"column":1}},"locations":[{"start":{"line":39,"column":7},"end":{"line":45,"column":1}}]},"21":{"type":"branch","line":40,"loc":{"start":{"line":40,"column":14},"end":{"line":40,"column":23}},"locations":[{"start":{"line":40,"column":14},"end":{"line":40,"column":23}}]},"22":{"type":"branch","line":40,"loc":{"start":{"line":40,"column":21},"end":{"line":45,"column":1}},"locations":[{"start":{"line":40,"column":21},"end":{"line":45,"column":1}}]},"23":{"type":"branch","line":47,"loc":{"start":{"line":47,"column":7},"end":{"line":50,"column":1}},"locations":[{"start":{"line":47,"column":7},"end":{"line":50,"column":1}}]},"24":{"type":"branch","line":48,"loc":{"start":{"line":48,"column":14},"end":{"line":48,"column":23}},"locations":[{"start":{"line":48,"column":14},"end":{"line":48,"column":23}}]},"25":{"type":"branch","line":48,"loc":{"start":{"line":48,"column":21},"end":{"line":50,"column":1}},"locations":[{"start":{"line":48,"column":21},"end":{"line":50,"column":1}}]},"26":{"type":"branch","line":52,"loc":{"start":{"line":52,"column":7},"end":{"line":55,"column":1}},"locations":[{"start":{"line":52,"column":7},"end":{"line":55,"column":1}}]},"27":{"type":"branch","line":53,"loc":{"start":{"line":53,"column":14},"end":{"line":53,"column":23}},"locations":[{"start":{"line":53,"column":14},"end":{"line":53,"column":23}}]},"28":{"type":"branch","line":53,"loc":{"start":{"line":53,"column":21},"end":{"line":55,"column":1}},"locations":[{"start":{"line":53,"column":21},"end":{"line":55,"column":1}}]}},"b":{"0":[4],"1":[1],"2":[3],"3":[3],"4":[1],"5":[2],"6":[4],"7":[1],"8":[3],"9":[2],"10":[1],"11":[4],"12":[1],"13":[3],"14":[2],"15":[1],"16":[4],"17":[1],"18":[3],"19":[3],"20":[4],"21":[1],"22":[3],"23":[3],"24":[1],"25":[2],"26":[3],"27":[1],"28":[2]},"fnMap":{"0":{"name":"base64Encode","decl":{"start":{"line":3,"column":7},"end":{"line":6,"column":1}},"loc":{"start":{"line":3,"column":7},"end":{"line":6,"column":1}},"line":3},"1":{"name":"base64Decode","decl":{"start":{"line":8,"column":7},"end":{"line":12,"column":1}},"loc":{"start":{"line":8,"column":7},"end":{"line":12,"column":1}},"line":8},"2":{"name":"urlEncode","decl":{"start":{"line":14,"column":7},"end":{"line":17,"column":1}},"loc":{"start":{"line":14,"column":7},"end":{"line":17,"column":1}},"line":14},"3":{"name":"urlDecode","decl":{"start":{"line":19,"column":7},"end":{"line":22,"column":1}},"loc":{"start":{"line":19,"column":7},"end":{"line":22,"column":1}},"line":19},"4":{"name":"htmlEscape","decl":{"start":{"line":24,"column":7},"end":{"line":27,"column":1}},"loc":{"start":{"line":24,"column":7},"end":{"line":27,"column":1}},"line":24},"5":{"name":"htmlUnescape","decl":{"start":{"line":29,"column":7},"end":{"line":32,"column":1}},"loc":{"start":{"line":29,"column":7},"end":{"line":32,"column":1}},"line":29},"6":{"name":"snakeToCamel","decl":{"start":{"line":34,"column":7},"end":{"line":37,"column":1}},"loc":{"start":{"line":34,"column":7},"end":{"line":37,"column":1}},"line":34},"7":{"name":"camelToSnake","decl":{"start":{"line":39,"column":7},"end":{"line":45,"column":1}},"loc":{"start":{"line":39,"column":7},"end":{"line":45,"column":1}},"line":39},"8":{"name":"toUpperCase","decl":{"start":{"line":47,"column":7},"end":{"line":50,"column":1}},"loc":{"start":{"line":47,"column":7},"end":{"line":50,"column":1}},"line":47},"9":{"name":"toLowerCase","decl":{"start":{"line":52,"column":7},"end":{"line":55,"column":1}},"loc":{"start":{"line":52,"column":7},"end":{"line":55,"column":1}},"line":52}},"f":{"0":4,"1":3,"2":4,"3":2,"4":4,"5":2,"6":4,"7":4,"8":3,"9":3}}
,"/home/ttakahashi/workspace/dev-tools-suite/tools/unix-time-converter/utils/time-utils.ts": {"path":"/home/ttakahashi/workspace/dev-tools-suite/tools/unix-time-converter/utils/time-utils.ts","all":false,"statementMap":{"0":{"start":{"line":1,"column":0},"end":{"line":1,"column":36}},"10":{"start":{"line":11,"column":0},"end":{"line":11,"column":78}},"11":{"start":{"line":12,"column":0},"end":{"line":12,"column":29}},"12":{"start":{"line":13,"column":0},"end":{"line":13,"column":67}},"13":{"start":{"line":14,"column":0},"end":{"line":14,"column":3}},"15":{"start":{"line":16,"column":0},"end":{"line":16,"column":45}},"16":{"start":{"line":17,"column":0},"end":{"line":17,"column":10}},"17":{"start":{"line":18,"column":0},"end":{"line":18,"column":33}},"18":{"start":{"line":19,"column":0},"end":{"line":19,"column":28}},"19":{"start":{"line":20,"column":0},"end":{"line":20,"column":3}},"20":{"start":{"line":21,"column":0},"end":{"line":21,"column":1}},"22":{"start":{"line":23,"column":0},"end":{"line":23,"column":89}},"23":{"start":{"line":24,"column":0},"end":{"line":24,"column":29}},"24":{"start":{"line":25,"column":0},"end":{"line":25,"column":33}},"25":{"start":{"line":26,"column":0},"end":{"line":26,"column":3}},"27":{"start":{"line":28,"column":0},"end":{"line":28,"column":53}},"28":{"start":{"line":29,"column":0},"end":{"line":29,"column":52}},"30":{"start":{"line":31,"column":0},"end":{"line":31,"column":63}},"31":{"start":{"line":32,"column":0},"end":{"line":32,"column":67}},"32":{"start":{"line":33,"column":0},"end":{"line":33,"column":3}},"34":{"start":{"line":35,"column":0},"end":{"line":35,"column":10}},"35":{"start":{"line":36,"column":0},"end":{"line":36,"column":61}},"36":{"start":{"line":37,"column":0},"end":{"line":37,"column":57}},"37":{"start":{"line":38,"column":0},"end":{"line":38,"column":3}},"38":{"start":{"line":39,"column":0},"end":{"line":39,"column":1}}},"s":{"0":1,"10":1,"11":4,"12":1,"13":1,"15":3,"16":3,"17":3,"18":3,"19":3,"20":3,"22":1,"23":6,"24":3,"25":3,"27":3,"28":3,"30":6,"31":1,"32":1,"34":2,"35":2,"36":2,"37":2,"38":2},"branchMap":{"0":{"type":"branch","line":11,"loc":{"start":{"line":11,"column":7},"end":{"line":21,"column":1}},"locations":[{"start":{"line":11,"column":7},"end":{"line":21,"column":1}}]},"1":{"type":"branch","line":12,"loc":{"start":{"line":12,"column":28},"end":{"line":14,"column":3}},"locations":[{"start":{"line":12,"column":28},"end":{"line":14,"column":3}}]},"2":{"type":"branch","line":14,"loc":{"start":{"line":14,"column":2},"end":{"line":21,"column":1}},"locations":[{"start":{"line":14,"column":2},"end":{"line":21,"column":1}}]},"3":{"type":"branch","line":23,"loc":{"start":{"line":23,"column":7},"end":{"line":39,"column":1}},"locations":[{"start":{"line":23,"column":7},"end":{"line":39,"column":1}}]},"4":{"type":"branch","line":24,"loc":{"start":{"line":24,"column":7},"end":{"line":24,"column":28}},"locations":[{"start":{"line":24,"column":7},"end":{"line":24,"column":28}}]},"5":{"type":"branch","line":24,"loc":{"start":{"line":24,"column":28},"end":{"line":31,"column":36}},"locations":[{"start":{"line":24,"column":28},"end":{"line":31,"column":36}}]},"6":{"type":"branch","line":31,"loc":{"start":{"line":31,"column":31},"end":{"line":31,"column":62}},"locations":[{"start":{"line":31,"column":31},"end":{"line":31,"column":62}}]},"7":{"type":"branch","line":31,"loc":{"start":{"line":31,"column":62},"end":{"line":33,"column":3}},"locations":[{"start":{"line":31,"column":62},"end":{"line":33,"column":3}}]},"8":{"type":"branch","line":33,"loc":{"start":{"line":33,"column":2},"end":{"line":39,"column":1}},"locations":[{"start":{"line":33,"column":2},"end":{"line":39,"column":1}}]}},"b":{"0":[4],"1":[1],"2":[3],"3":[6],"4":[4],"5":[3],"6":[2],"7":[1],"8":[2]},"fnMap":{"0":{"name":"convertUnixToHuman","decl":{"start":{"line":11,"column":7},"end":{"line":21,"column":1}},"loc":{"start":{"line":11,"column":7},"end":{"line":21,"column":1}},"line":11},"1":{"name":"convertHumanToUnix","decl":{"start":{"line":23,"column":7},"end":{"line":39,"column":1}},"loc":{"start":{"line":23,"column":7},"end":{"line":39,"column":1}},"line":23}},"f":{"0":4,"1":6}}
}
